<?xml version="1.0" encoding="UTF-8"?>
<coverage generated="1593670534122" clover="3.2.0">
  <project timestamp="1593670534122" name="All files">
    <metrics statements="3" coveredstatements="3" conditionals="0" coveredconditionals="0" methods="3" coveredmethods="3" elements="6" coveredelements="6" complexity="0" loc="3" ncloc="3" packages="2" files="2" classes="2"/>
    <package name="demo">
      <metrics statements="1" coveredstatements="1" conditionals="0" coveredconditionals="0" methods="1" coveredmethods="1"/>
      <file name="sum.js" path="C:\Users\yzm_e\Desktop\my-coding\demo\sum.js">
        <metrics statements="1" coveredstatements="1" conditionals="0" coveredconditionals="0" methods="1" coveredmethods="1"/>
        <line num="2" count="1" type="stmt"/>
      </file>
    </package>
    <package name="src.algorithm.sort">
      <metrics statements="2" coveredstatements="2" conditionals="0" coveredconditionals="0" methods="2" coveredmethods="2"/>
      <file name="quickSort.js" path="C:\Users\yzm_e\Desktop\my-coding\src\algorithm\sort\quickSort.js">
        <metrics statements="2" coveredstatements="2" conditionals="0" coveredconditionals="0" methods="2" coveredmethods="2"/>
        <line num="3" count="1" type="stmt"/>
        <line num="4" count="62" type="stmt"/>
      </file>
    </package>
  </project>
</coverage>
