{"C:\\Users\\yzm_e\\Desktop\\my-coding\\demo\\sum.js": {"path":"C:\\Users\\yzm_e\\Desktop\\my-coding\\demo\\sum.js","statementMap":{"0":{"start":{"line":2,"column":4},"end":{"line":2,"column":17}},"1":{"start":{"line":5,"column":0},"end":{"line":5,"column":21}}},"fnMap":{"0":{"name":"sum","decl":{"start":{"line":1,"column":9},"end":{"line":1,"column":12}},"loc":{"start":{"line":1,"column":19},"end":{"line":3,"column":1}},"line":1}},"branchMap":{},"s":{"0":1,"1":1},"f":{"0":1},"b":{},"_coverageSchema":"1a1c01bbd47fc00a2c39e90264f33305004495a9","hash":"636701f4bae63b49e88bb15d6fa3c56b2591bc5f"}
,"C:\\Users\\yzm_e\\Desktop\\my-coding\\src\\algorithm\\sort\\quickSort.js": {"path":"C:\\Users\\yzm_e\\Desktop\\my-coding\\src\\algorithm\\sort\\quickSort.js","statementMap":{"0":{"start":{"line":3,"column":4},"end":{"line":3,"column":22}},"1":{"start":{"line":6,"column":0},"end":{"line":6,"column":27}}},"fnMap":{"0":{"name":"quickSort","decl":{"start":{"line":2,"column":9},"end":{"line":2,"column":18}},"loc":{"start":{"line":2,"column":24},"end":{"line":4,"column":1}},"line":2}},"branchMap":{},"s":{"0":3,"1":1},"f":{"0":3},"b":{},"_coverageSchema":"1a1c01bbd47fc00a2c39e90264f33305004495a9","hash":"41cd94ea119098a2b9458e6ec77f21cbe561d522"}
}
