{"C:\\Users\\yzm_e\\Desktop\\my-coding\\demo\\sum.js": {"path":"C:\\Users\\yzm_e\\Desktop\\my-coding\\demo\\sum.js","statementMap":{"0":{"start":{"line":2,"column":4},"end":{"line":2,"column":17}}},"fnMap":{"0":{"name":"sum","decl":{"start":{"line":1,"column":9},"end":{"line":1,"column":12}},"loc":{"start":{"line":1,"column":19},"end":{"line":3,"column":1}},"line":1}},"branchMap":{},"s":{"0":1},"f":{"0":1},"b":{},"_coverageSchema":"1a1c01bbd47fc00a2c39e90264f33305004495a9","hash":"06883fe072e18be7f9b96486a1cd5a90c5c78746"}
,"C:\\Users\\yzm_e\\Desktop\\my-coding\\src\\algorithm\\sort\\quickSort.js": {"path":"C:\\Users\\yzm_e\\Desktop\\my-coding\\src\\algorithm\\sort\\quickSort.js","statementMap":{"0":{"start":{"line":3,"column":16},"end":{"line":5,"column":1}},"1":{"start":{"line":4,"column":4},"end":{"line":4,"column":36}},"2":{"start":{"line":4,"column":30},"end":{"line":4,"column":34}}},"fnMap":{"0":{"name":"(anonymous_0)","decl":{"start":{"line":3,"column":16},"end":{"line":3,"column":17}},"loc":{"start":{"line":3,"column":31},"end":{"line":5,"column":1}},"line":3},"1":{"name":"(anonymous_1)","decl":{"start":{"line":4,"column":21},"end":{"line":4,"column":22}},"loc":{"start":{"line":4,"column":30},"end":{"line":4,"column":34}},"line":4}},"branchMap":{},"s":{"0":1,"1":5,"2":62},"f":{"0":5,"1":62},"b":{},"_coverageSchema":"1a1c01bbd47fc00a2c39e90264f33305004495a9","hash":"a7152ee81b0a55b9db2b4ba57ae890e5ea6fd489"}
}
