TN:
SF:demo\sum.js
FN:1,sum
FNF:1
FNH:1
FNDA:1,sum
DA:2,1
LF:1
LH:1
BRF:0
BRH:0
end_of_record
TN:
SF:src\algorithm\search\binarySearch.js
FN:7,binarySearch
FNF:1
FNH:1
FNDA:2,binarySearch
DA:8,2
DA:9,2
DA:12,2
DA:13,2
DA:14,2
DA:16,2
DA:17,1
DA:18,1
DA:19,0
DA:21,1
DA:25,1
LF:11
LH:10
BRDA:16,0,0,1
BRDA:16,0,1,1
BRDA:18,1,0,0
BRDA:18,1,1,1
BRF:4
BRH:3
end_of_record
TN:
SF:src\algorithm\sort\quickSort.js
FN:3,(anonymous_0)
FN:4,(anonymous_1)
FNF:2
FNH:2
FNDA:5,(anonymous_0)
FNDA:62,(anonymous_1)
DA:3,1
DA:4,62
LF:2
LH:2
BRF:0
BRH:0
end_of_record
